# JRE version: Java(TM) SE Runtime Environment (7.0_67-b01) (build 1.7.0_67-b01)
# Java VM: Java HotSpot(TM) 64-Bit Server VM (24.65-b04 mixed mode windows-amd64 compressed oops)
Heap
 PSYoungGen      total 71680K, used 66560K [0x00000000eaa80000, 0x00000000ef580000, 0x0000000100000000)
  eden space 66560K, 100% used [0x00000000eaa80000,0x00000000eeb80000,0x00000000eeb80000)
  from space 5120K, 0% used [0x00000000eeb80000,0x00000000eeb80000,0x00000000ef080000)
  to   space 5120K, 0% used [0x00000000ef080000,0x00000000ef080000,0x00000000ef580000)
 ParOldGen       total 88576K, used 88185K [0x00000000c0000000, 0x00000000eaa80000, 0x00000000eaa80000)
  object space 88576K, 99% used [0x00000000c0000000,0x00000000c561e660,0x00000000c5680000)
 PSPermGen       total 21504K, used 5186K [0x00000000bae00000, 0x00000000bc300000, 0x00000000c0000000)
  object space 21504K, 24% used [0x00000000bae00000,0x00000000bb3108f0,0x00000000bc300000)
GC Heap History (10 events):
Event: 61.641 GC heap after
Heap after GC invocations=351 (full 348):
 PSYoungGen      total 71680K, used 66560K [0x00000000eaa80000, 0x00000000ef580000, 0x0000000100000000)
  eden space 66560K, 100% used [0x00000000eaa80000,0x00000000eeb80000,0x00000000eeb80000)
  from space 5120K, 0% used [0x00000000eeb80000,0x00000000eeb80000,0x00000000ef080000)
  to   space 5120K, 0% used [0x00000000ef080000,0x00000000ef080000,0x00000000ef580000)
 ParOldGen       total 88576K, used 88190K [0x00000000c0000000, 0x00000000c5680000, 0x00000000eaa80000)
  object space 88576K, 99% used [0x00000000c0000000,0x00000000c561fa88,0x00000000c5680000)
 PSPermGen       total 21504K, used 5186K [0x00000000bae00000, 0x00000000bc300000, 0x00000000c0000000)
  object space 21504K, 24% used [0x00000000bae00000,0x00000000bb3108f0,0x00000000bc300000)
}
Event: 61.642 GC heap before
{Heap before GC invocations=352 (full 349):
 PSYoungGen      total 71680K, used 66560K [0x00000000eaa80000, 0x00000000ef580000, 0x0000000100000000)
  eden space 66560K, 100% used [0x00000000eaa80000,0x00000000eeb80000,0x00000000eeb80000)
  from space 5120K, 0% used [0x00000000eeb80000,0x00000000eeb80000,0x00000000ef080000)
  to   space 5120K, 0% used [0x00000000ef080000,0x00000000ef080000,0x00000000ef580000)
 ParOldGen       total 88576K, used 88192K [0x00000000c0000000, 0x00000000c5680000, 0x00000000eaa80000)
  object space 88576K, 99% used [0x00000000c0000000,0x00000000c5620308,0x00000000c5680000)
 PSPermGen       total 21504K, used 5186K [0x00000000bae00000, 0x00000000bc300000, 0x00000000c0000000)
  object space 21504K, 24% used [0x00000000bae00000,0x00000000bb3108f0,0x00000000bc300000)
Event: 61.783 GC heap after
Heap after GC invocations=352 (full 349):
 PSYoungGen      total 71680K, used 66560K [0x00000000eaa80000, 0x00000000ef580000, 0x0000000100000000)
  eden space 66560K, 100% used [0x00000000eaa80000,0x00000000eeb80000,0x00000000eeb80000)
  from space 5120K, 0% used [0x00000000eeb80000,0x00000000eeb80000,0x00000000ef080000)
  to   space 5120K, 0% used [0x00000000ef080000,0x00000000ef080000,0x00000000ef580000)
 ParOldGen       total 88576K, used 88190K [0x00000000c0000000, 0x00000000c5680000, 0x00000000eaa80000)
  object space 88576K, 99% used [0x00000000c0000000,0x00000000c561f948,0x00000000c5680000)
 PSPermGen       total 21504K, used 5186K [0x00000000bae00000, 0x00000000bc300000, 0x00000000c0000000)
  object space 21504K, 24% used [0x00000000bae00000,0x00000000bb3108f0,0x00000000bc300000)
}
Event: 61.783 GC heap before
{Heap before GC invocations=353 (full 350):
 PSYoungGen      total 71680K, used 66560K [0x00000000eaa80000, 0x00000000ef580000, 0x0000000100000000)
  eden space 66560K, 100% used [0x00000000eaa80000,0x00000000eeb80000,0x00000000eeb80000)
  from space 5120K, 0% used [0x00000000eeb80000,0x00000000eeb80000,0x00000000ef080000)
  to   space 5120K, 0% used [0x00000000ef080000,0x00000000ef080000,0x00000000ef580000)
 ParOldGen       total 88576K, used 88192K [0x00000000c0000000, 0x00000000c5680000, 0x00000000eaa80000)
  object space 88576K, 99% used [0x00000000c0000000,0x00000000c56201f8,0x00000000c5680000)
 PSPermGen       total 21504K, used 5186K [0x00000000bae00000, 0x00000000bc300000, 0x00000000c0000000)
  object space 21504K, 24% used [0x00000000bae00000,0x00000000bb3108f0,0x00000000bc300000)
Event: 61.956 GC heap after
Heap after GC invocations=353 (full 350):
 PSYoungGen      total 71680K, used 66560K [0x00000000eaa80000, 0x00000000ef580000, 0x0000000100000000)
  eden space 66560K, 100% used [0x00000000eaa80000,0x00000000eeb80000,0x00000000eeb80000)
  from space 5120K, 0% used [0x00000000eeb80000,0x00000000eeb80000,0x00000000ef080000)
  to   space 5120K, 0% used [0x00000000ef080000,0x00000000ef080000,0x00000000ef580000)
 ParOldGen       total 88576K, used 88192K [0x00000000c0000000, 0x00000000c5680000, 0x00000000eaa80000)
  object space 88576K, 99% used [0x00000000c0000000,0x00000000c5620130,0x00000000c5680000)
 PSPermGen       total 21504K, used 5186K [0x00000000bae00000, 0x00000000bc300000, 0x00000000c0000000)
  object space 21504K, 24% used [0x00000000bae00000,0x00000000bb3108f0,0x00000000bc300000)
}
Event: 61.956 GC heap before
{Heap before GC invocations=354 (full 351):
 PSYoungGen      total 71680K, used 66560K [0x00000000eaa80000, 0x00000000ef580000, 0x0000000100000000)
  eden space 66560K, 100% used [0x00000000eaa80000,0x00000000eeb80000,0x00000000eeb80000)
  from space 5120K, 0% used [0x00000000eeb80000,0x00000000eeb80000,0x00000000ef080000)
  to   space 5120K, 0% used [0x00000000ef080000,0x00000000ef080000,0x00000000ef580000)
 ParOldGen       total 88576K, used 88195K [0x00000000c0000000, 0x00000000c5680000, 0x00000000eaa80000)
  object space 88576K, 99% used [0x00000000c0000000,0x00000000c5620c30,0x00000000c5680000)
 PSPermGen       total 21504K, used 5186K [0x00000000bae00000, 0x00000000bc300000, 0x00000000c0000000)
  object space 21504K, 24% used [0x00000000bae00000,0x00000000bb3108f0,0x00000000bc300000)
Event: 62.121 GC heap after
Heap after GC invocations=354 (full 351):
 PSYoungGen      total 71680K, used 66560K [0x00000000eaa80000, 0x00000000ef580000, 0x0000000100000000)
  eden space 66560K, 100% used [0x00000000eaa80000,0x00000000eeb80000,0x00000000eeb80000)
  from space 5120K, 0% used [0x00000000eeb80000,0x00000000eeb80000,0x00000000ef080000)
  to   space 5120K, 0% used [0x00000000ef080000,0x00000000ef080000,0x00000000ef580000)
 ParOldGen       total 88576K, used 88183K [0x00000000c0000000, 0x00000000c5680000, 0x00000000eaa80000)
  object space 88576K, 99% used [0x00000000c0000000,0x00000000c561df58,0x00000000c5680000)
 PSPermGen       total 21504K, used 5186K [0x00000000bae00000, 0x00000000bc300000, 0x00000000c0000000)
  object space 21504K, 24% used [0x00000000bae00000,0x00000000bb3108f0,0x00000000bc300000)
}
Event: 62.121 GC heap before
{Heap before GC invocations=355 (full 352):
 PSYoungGen      total 71680K, used 66560K [0x00000000eaa80000, 0x00000000ef580000, 0x0000000100000000)
  eden space 66560K, 100% used [0x00000000eaa80000,0x00000000eeb80000,0x00000000eeb80000)
  from space 5120K, 0% used [0x00000000eeb80000,0x00000000eeb80000,0x00000000ef080000)
  to   space 5120K, 0% used [0x00000000ef080000,0x00000000ef080000,0x00000000ef580000)
 ParOldGen       total 88576K, used 88185K [0x00000000c0000000, 0x00000000c5680000, 0x00000000eaa80000)
  object space 88576K, 99% used [0x00000000c0000000,0x00000000c561e6d8,0x00000000c5680000)
 PSPermGen       total 21504K, used 5186K [0x00000000bae00000, 0x00000000bc300000, 0x00000000c0000000)
  object space 21504K, 24% used [0x00000000bae00000,0x00000000bb3108f0,0x00000000bc300000)
Event: 62.263 GC heap after
Heap after GC invocations=355 (full 352):
 PSYoungGen      total 71680K, used 66560K [0x00000000eaa80000, 0x00000000ef580000, 0x0000000100000000)
  eden space 66560K, 100% used [0x00000000eaa80000,0x00000000eeb80000,0x00000000eeb80000)
  from space 5120K, 0% used [0x00000000eeb80000,0x00000000eeb80000,0x00000000ef080000)
  to   space 5120K, 0% used [0x00000000ef080000,0x00000000ef080000,0x00000000ef580000)
 ParOldGen       total 88576K, used 88184K [0x00000000c0000000, 0x00000000c5680000, 0x00000000eaa80000)
  object space 88576K, 99% used [0x00000000c0000000,0x00000000c561e1a0,0x00000000c5680000)
 PSPermGen       total 21504K, used 5186K [0x00000000bae00000, 0x00000000bc300000, 0x00000000c0000000)
  object space 21504K, 24% used [0x00000000bae00000,0x00000000bb3108f0,0x00000000bc300000)
}
Event: 62.263 GC heap before
{Heap before GC invocations=356 (full 353):
 PSYoungGen      total 71680K, used 66560K [0x00000000eaa80000, 0x00000000ef580000, 0x0000000100000000)
  eden space 66560K, 100% used [0x00000000eaa80000,0x00000000eeb80000,0x00000000eeb80000)
  from space 5120K, 0% used [0x00000000eeb80000,0x00000000eeb80000,0x00000000ef080000)
  to   space 5120K, 0% used [0x00000000ef080000,0x00000000ef080000,0x00000000ef580000)
 ParOldGen       total 88576K, used 88186K [0x00000000c0000000, 0x00000000c5680000, 0x00000000eaa80000)
  object space 88576K, 99% used [0x00000000c0000000,0x00000000c561ea70,0x00000000c5680000)
 PSPermGen       total 21504K, used 5186K [0x00000000bae00000, 0x00000000bc300000, 0x00000000c0000000)
  object space 21504K, 24% used [0x00000000bae00000,0x00000000bb3108f0,0x00000000bc300000)

